<?xml version="1.0" encoding="UTF-8"?>
<!-- Generated by org.testng.reporters.JUnitReportReporter -->
<testsuite skipped="0" hostname="DESKTOP-KIB7BK7" name="com.mycompany.app.HomeLoginTest" tests="2" failures="0" timestamp="2019-03-23T20:29:12 IST" time="0.000" errors="0">
  <testcase name="login" time="0.000" classname="com.mycompany.app.HomeLoginTest"/>
  <testcase name="unsucessfulLogin" time="0.000" classname="com.mycompany.app.HomeLoginTest"/>
</testsuite> <!-- com.mycompany.app.HomeLoginTest -->
