<?xml version="1.0" encoding="UTF-8"?>
<!-- Generated by org.testng.reporters.JUnitReportReporter -->
<testsuite skipped="0" hostname="DESKTOP-KIB7BK7" name="com.mycompany.app.CheckoutTest" tests="2" failures="0" timestamp="2019-03-23T20:29:33 IST" time="0.014" errors="0">
  <testcase name="payment" time="0.003" classname="com.mycompany.app.CheckoutTest"/>
  <testcase name="checkOutOrder" time="0.011" classname="com.mycompany.app.CheckoutTest"/>
</testsuite> <!-- com.mycompany.app.CheckoutTest -->
