<?xml version="1.0" encoding="UTF-8"?>
<!-- Generated by org.testng.reporters.JUnitReportReporter -->
<testsuite skipped="0" hostname="DESKTOP-KIB7BK7" name="com.mycompany.app.PlaceOrderTest" tests="2" failures="0" timestamp="2019-03-23T20:29:33 IST" time="0.000" errors="0">
  <testcase name="chooseOrder" time="0.000" classname="com.mycompany.app.PlaceOrderTest"/>
  <testcase name="placeOrder" time="0.000" classname="com.mycompany.app.PlaceOrderTest"/>
</testsuite> <!-- com.mycompany.app.PlaceOrderTest -->
